WCCILevent   (0), 2022.04.05 16:34:26.814, SYS,  INFO,        1, Manager Start, PROJ, Test, V 3.18 - 3.18   platform Windows AMD64 linked at Dec 14 2021 20:28:12 (f190776a789)
WCCILevent   (0), 2022.04.05 16:34:26.821, SYS,  INFO,      108, License information, Wibu CodeMeter License
WCCILevent   (0), 2022.04.05 16:34:27.902, SYS,  WARNING,   105, Invalid license, CodeMeter request for: event (9921) - returned: Ошибка 200. Не найдена запись в CmContainer.
WCCILevent   (0), 2022.04.05 16:34:27.945, SYS,  WARNING,   105, Invalid license, CodeMeter request for: event (9921) - returned: Ошибка 200. Не найдена запись в CmContainer.
WCCILevent   (0), 2022.04.05 16:34:27.948, SYS,  SEVERE,    105, Invalid license, DESKTOP-9P3H9IG: No license found
WCCILevent   (0), 2022.04.05 16:34:28.008, SYS,  INFO,        3, Trying to connect to (SYS: 0 Data -num 0 CONN: 1) @ localhost:4897
WCCILevent   (0), 2022.04.05 16:34:28.012, SYS,  INFO,        4, Connected to (SYS: 0 Data -num 0 CONN: 1) @ DESKTOP-9P3H9IG (::1)
WCCILevent   (0), 2022.04.05 16:34:28.017, PARAM,SEVERE,     71, DP does not exist, _Connections.Event.ManNums:_original.._value
WCCILevent   (0), 2022.04.05 16:34:28.017, PARAM,SEVERE,     71, DP does not exist, _Connections.Event.StartTimes:_original.._value
WCCILevent   (0), 2022.04.05 16:34:28.017, PARAM,SEVERE,     71, DP does not exist, _Connections.Event.HostNames:_original.._value
WCCILevent   (0), 2022.04.05 16:34:28.017, PARAM,SEVERE,     71, DP does not exist, _Connections.Driver.ManNums:_original.._value
WCCILevent   (0), 2022.04.05 16:34:28.017, PARAM,SEVERE,     71, DP does not exist, _Connections.Driver.StartTimes:_original.._value
WCCILevent   (0), 2022.04.05 16:34:28.017, PARAM,SEVERE,     71, DP does not exist, _Connections.Driver.HostNames:_original.._value
WCCILevent   (0), 2022.04.05 16:34:28.017, PARAM,SEVERE,     71, DP does not exist, _Connections.Data.ManNums:_original.._value
WCCILevent   (0), 2022.04.05 16:34:28.017, PARAM,SEVERE,     71, DP does not exist, _Connections.Data.StartTimes:_original.._value
WCCILevent   (0), 2022.04.05 16:34:28.017, PARAM,SEVERE,     71, DP does not exist, _Connections.Data.HostNames:_original.._value
WCCILevent   (0), 2022.04.05 16:34:28.017, PARAM,SEVERE,     71, DP does not exist, _Connections.Ui.ManNums:_original.._value
WCCILevent   (0), 2022.04.05 16:34:28.017, PARAM,SEVERE,     71, DP does not exist, _Connections.Ui.StartTimes:_original.._value
WCCILevent   (0), 2022.04.05 16:34:28.017, PARAM,SEVERE,     71, DP does not exist, _Connections.Ui.HostNames:_original.._value
WCCILevent   (0), 2022.04.05 16:34:28.017, PARAM,SEVERE,     71, DP does not exist, _Connections.Ctrl.ManNums:_original.._value
WCCILevent   (0), 2022.04.05 16:34:28.018, PARAM,SEVERE,     71, DP does not exist, _Connections.Ctrl.StartTimes:_original.._value
WCCILevent   (0), 2022.04.05 16:34:28.018, PARAM,SEVERE,     71, DP does not exist, _Connections.Ctrl.HostNames:_original.._value
WCCILevent   (0), 2022.04.05 16:34:28.018, PARAM,SEVERE,     71, DP does not exist, _Connections.Ascii.ManNums:_original.._value
WCCILevent   (0), 2022.04.05 16:34:28.018, PARAM,SEVERE,     71, DP does not exist, _Connections.Ascii.StartTimes:_original.._value
WCCILevent   (0), 2022.04.05 16:34:28.018, PARAM,SEVERE,     71, DP does not exist, _Connections.Ascii.HostNames:_original.._value
WCCILevent   (0), 2022.04.05 16:34:28.018, PARAM,SEVERE,     71, DP does not exist, _Connections.Api.ManNums:_original.._value
WCCILevent   (0), 2022.04.05 16:34:28.018, PARAM,SEVERE,     71, DP does not exist, _Connections.Api.StartTimes:_original.._value
WCCILevent   (0), 2022.04.05 16:34:28.018, PARAM,SEVERE,     71, DP does not exist, _Connections.Api.HostNames:_original.._value
WCCILevent   (0), 2022.04.05 16:34:28.018, PARAM,SEVERE,     71, DP does not exist, _Connections.Device.ManNums:_original.._value
WCCILevent   (0), 2022.04.05 16:34:28.018, PARAM,SEVERE,     71, DP does not exist, _Connections.Device.StartTimes:_original.._value
WCCILevent   (0), 2022.04.05 16:34:28.018, PARAM,SEVERE,     71, DP does not exist, _Connections.Device.HostNames:_original.._value
WCCILevent   (0), 2022.04.05 16:34:28.018, PARAM,SEVERE,     71, DP does not exist, _Connections.Redu.ManNums:_original.._value
WCCILevent   (0), 2022.04.05 16:34:28.018, PARAM,SEVERE,     71, DP does not exist, _Connections.Redu.StartTimes:_original.._value
WCCILevent   (0), 2022.04.05 16:34:28.018, PARAM,SEVERE,     71, DP does not exist, _Connections.Redu.HostNames:_original.._value
WCCILevent   (0), 2022.04.05 16:34:28.018, PARAM,SEVERE,     71, DP does not exist, _Connections.Report.ManNums:_original.._value
WCCILevent   (0), 2022.04.05 16:34:28.018, PARAM,SEVERE,     71, DP does not exist, _Connections.Report.StartTimes:_original.._value
WCCILevent   (0), 2022.04.05 16:34:28.019, PARAM,SEVERE,     71, DP does not exist, _Connections.Report.HostNames:_original.._value
WCCILevent   (0), 2022.04.05 16:34:28.019, PARAM,SEVERE,     71, DP does not exist, _Connections.Dde.ManNums:_original.._value
WCCILevent   (0), 2022.04.05 16:34:28.019, PARAM,SEVERE,     71, DP does not exist, _Connections.Dde.StartTimes:_original.._value
WCCILevent   (0), 2022.04.05 16:34:28.019, PARAM,SEVERE,     71, DP does not exist, _Connections.Dde.HostNames:_original.._value
WCCILevent   (0), 2022.04.05 16:34:28.019, PARAM,SEVERE,     71, DP does not exist, _Connections.Dist.ManNums:_original.._value
WCCILevent   (0), 2022.04.05 16:34:28.019, PARAM,SEVERE,     71, DP does not exist, _Connections.Dist.StartTimes:_original.._value
WCCILevent   (0), 2022.04.05 16:34:28.019, PARAM,SEVERE,     71, DP does not exist, _Connections.Dist.HostNames:_original.._value
WCCILevent   (0), 2022.04.05 16:34:28.065, SYS,  WARNING,   105, Invalid license, CodeMeter request for: event (9921) - returned: Ошибка 200. Не найдена запись в CmContainer.
WCCILevent   (0), 2022.04.05 16:34:28.066, SYS,  SEVERE,    105, Invalid license, DESKTOP-9P3H9IG: No license found
WCCILevent   (0), 2022.04.05 16:34:28.066, SYS,  INFO,        6, Initialization by Data Manager finished
WCCILevent   (0), 2022.04.05 16:34:28.066, SYS,  INFO,      169, Initialize 0 dp-functions
WCCILevent   (0), 2022.04.05 16:34:28.066, SYS,  INFO,      168, Initialize 0 alerts
WCCILevent   (0), 2022.04.05 16:34:28.067, PARAM,WARNING,     7, Datapoint does not exist, EvFixedLicenses, EvFixedLicenses, _Event.License.FixedShield
WCCILevent   (0), 2022.04.05 16:34:28.068, PARAM,WARNING,     7, Datapoint does not exist, UserTable, UserTable, _Users.UserId
WCCILevent   (0), 2022.04.05 16:34:28.068, PARAM,WARNING,     7, Datapoint does not exist, ManagerTable, ManagerTable, _Managers.Auth.ManType
WCCILevent   (0), 2022.04.05 16:34:28.068, PARAM,WARNING,     7, Datapoint does not exist, EventManager, doDpConnect, _System.Auth.DpType:_original.._value
WCCILevent   (0), 2022.04.05 16:34:28.068, PARAM,WARNING,     7, Datapoint does not exist, EventManager, doDpConnect, _System.Auth.Dp:_original.._value
WCCILevent   (0), 2022.04.05 16:34:28.068, PARAM,WARNING,     7, Datapoint does not exist, EventManager, doDpConnect, _System.Auth.DpAuth:_original.._value
WCCILevent   (0), 2022.04.05 16:34:28.068, PARAM,WARNING,     7, Datapoint does not exist, EventManager, doDpConnect, _System.Auth.DpAlias:_original.._value
WCCILevent   (0), 2022.04.05 16:34:28.068, PARAM,WARNING,     7, Datapoint does not exist, EventManager, dpDpConnect, _Event.ReadLicense
WCCILevent   (0), 2022.04.05 16:34:28.068, PARAM,WARNING,     8, Element does not exist, EventManager, doDpConnect, _Managers.Exit
WCCILevent   (0), 2022.04.05 16:34:28.069, PARAM,WARNING,     8, Element does not exist, EventManager, doDpConnect, _Managers.Refresh
WCCILevent   (0), 2022.04.05 16:34:28.069, PARAM,WARNING,     7, Datapoint does not exist, EventManager, evMain, _Event.License.ExpirationCnt
WCCILevent   (0), 2022.04.05 16:34:28.069, PARAM,WARNING,     7, Datapoint does not exist, EventManager, evMain, _Event.License.RemainingTime
WCCILevent   (0), 2022.04.05 16:34:28.069, PARAM,WARNING,     7, Datapoint does not exist, EventManager, evMain, _Event.License.alm.isRTILInvalid:_original.._value
WCCILevent   (0), 2022.04.05 16:34:28.069, PARAM,WARNING,     7, Datapoint does not exist, EventManager, evMain, _Event.License.alm.isPVSSInvalid:_original.._value
WCCILevent   (0), 2022.04.05 16:34:28.069, PARAM,WARNING,     7, Datapoint does not exist, EventManager, evMain, _Event.License.cmLicenseInvalid:_original.._value
WCCILevent   (0), 2022.04.05 16:34:28.069, PARAM,WARNING,     7, Datapoint does not exist, EventManager, evMain, _Event.License.alm.shield:_original.._value
WCCILevent   (0), 2022.04.05 16:34:28.069, SYS,  SEVERE,    105, Invalid license, Eventmanager will shutdown after the demo period of 1800 seconds
WCCILevent   (0), 2022.04.05 16:34:28.306, SYS,  WARNING,   105, Invalid license, DESKTOP-9P3H9IG: No license found, Running as demo version, driver
WCCILevent   (0), 2022.04.05 16:34:28.307, SYS,  INFO,        4, Connected to (SYS: 1 Driver -num 1 CONN: 1) @ DESKTOP-9P3H9IG (::1)
WCCILevent   (0), 2022.04.05 16:34:28.546, SYS,  WARNING,   105, Invalid license, DESKTOP-9P3H9IG: No license found, Running as demo version, ascii
WCCILevent   (0), 2022.04.05 16:34:28.547, SYS,  INFO,        4, Connected to (SYS: 1 Ascii -num 1 CONN: 1) @ DESKTOP-9P3H9IG (::1)
WCCILevent   (0), 2022.04.05 16:34:29.073, SYS,  WARNING,    39, Connection lost, MAN: (SYS: 1 Ascii -num 1 CONN: 1), Connection reset by peer (10054)
WCCILevent   (0), 2022.04.05 16:34:29.242, SYS,  WARNING,   105, Invalid license, DESKTOP-9P3H9IG: No license found, Running as demo version, ascii
WCCILevent   (0), 2022.04.05 16:34:29.243, SYS,  INFO,        4, Connected to (SYS: 1 Ascii -num 1 CONN: 1) @ DESKTOP-9P3H9IG (::1)
WCCILevent   (0), 2022.04.05 16:34:29.819, SYS,  WARNING,    39, Connection lost, MAN: (SYS: 1 Ascii -num 1 CONN: 1), Connection reset by peer (10054)
WCCILevent   (0), 2022.04.05 16:34:29.988, SYS,  WARNING,   105, Invalid license, DESKTOP-9P3H9IG: No license found, Running as demo version, ascii
WCCILevent   (0), 2022.04.05 16:34:29.989, SYS,  INFO,        4, Connected to (SYS: 1 Ascii -num 1 CONN: 1) @ DESKTOP-9P3H9IG (::1)
WCCILevent   (0), 2022.04.05 16:34:58.101, SYS,  WARNING,    39, Connection lost, MAN: (SYS: 1 Ascii -num 1 CONN: 1), Connection reset by peer (10054)
WCCILevent   (0), 2022.04.05 16:34:58.145, SYS,  INFO,       39, Connection lost, MAN: (SYS: 1 Driver -num 1 CONN: 1), Connection closed
WCCILevent   (0), 2022.04.05 16:34:58.165, SYS,  INFO,        2, Manager Stop, received signal 15, exiting
WCCILevent   (0), 2022.04.05 16:34:58.254, SYS,  INFO,        2, Manager Stop, start cleanup
WCCILevent   (0), 2022.04.05 16:34:58.254, SYS,  INFO,      181, Closing connection to (SYS: 1 Data -num 0 CONN: 1)
WCCILevent   (0), 2022.04.05 16:34:58.254, SYS,  INFO,       39, Connection lost, MAN: (SYS: 1 Data -num 0 CONN: 1), Connection closed
WCCILevent   (0), 2022.04.05 16:34:58.280, SYS,  INFO,        2, Manager Stop
